<?xml version="1.0" encoding="UTF-8"?>
<testsuite name="AuthenticationTests" tests="1" skipped="0" failures="0" errors="0" timestamp="2019-07-10T20:56:05" hostname="Phils-MacBook-Pro.local" time="0.736">
  <properties/>
  <testcase name="oauth2Test" classname="AuthenticationTests" time="0.736"/>
  <system-out><![CDATA[]]></system-out>
  <system-err><![CDATA[]]></system-err>
</testsuite>
